Connecting to database specified by database.yml


Started GET "/assets/rails.png" for 127.0.0.1 at 2013-08-28 19:37:02 +0100
Connecting to database specified by database.yml
Served asset /rails.png - 200 OK (5ms)


Started GET "/entries" for 127.0.0.1 at 2013-08-28 19:37:05 +0100
Processing by EntriesController#index as HTML
  Rendered entries/index.html.erb within layouts/application (2.9ms)
Compiled entries.css  (8ms)  (pid 16433)
Compiled application.css  (16ms)  (pid 16433)
Compiled jquery.js  (2ms)  (pid 16433)
Compiled jquery_ujs.js  (0ms)  (pid 16433)
Compiled entries.js  (95ms)  (pid 16433)
Compiled application.js  (130ms)  (pid 16433)
Completed 200 OK in 265ms (Views: 264.9ms | ActiveRecord: 0.0ms)


Started GET "/assets/entries.css?body=1" for 127.0.0.1 at 2013-08-28 19:37:06 +0100
Served asset /entries.css - 200 OK (2ms)


Started GET "/assets/application.css?body=1" for 127.0.0.1 at 2013-08-28 19:37:06 +0100
Served asset /application.css - 200 OK (3ms)


Started GET "/assets/entries.js?body=1" for 127.0.0.1 at 2013-08-28 19:37:06 +0100
Served asset /entries.js - 200 OK (2ms)


Started GET "/assets/jquery.js?body=1" for 127.0.0.1 at 2013-08-28 19:37:06 +0100
Served asset /jquery.js - 200 OK (2ms)


Started GET "/assets/application.js?body=1" for 127.0.0.1 at 2013-08-28 19:37:06 +0100
Served asset /application.js - 200 OK (7ms)


Started GET "/assets/jquery_ujs.js?body=1" for 127.0.0.1 at 2013-08-28 19:37:06 +0100
Served asset /jquery_ujs.js - 200 OK (2ms)


Started GET "/entries" for 127.0.0.1 at 2013-08-28 19:37:59 +0100
Processing by EntriesController#index as HTML
Completed 500 Internal Server Error in 56ms

ActiveRecord::StatementInvalid (Could not find table 'entries'):
  app/controllers/entries_controller.rb:3:in `index'


  Rendered /Users/ashleybaxter/.rvm/gems/ruby-1.9.3-p194/gems/actionpack-3.2.8/lib/action_dispatch/middleware/templates/rescues/_trace.erb (1.8ms)
  Rendered /Users/ashleybaxter/.rvm/gems/ruby-1.9.3-p194/gems/actionpack-3.2.8/lib/action_dispatch/middleware/templates/rescues/_request_and_response.erb (1.8ms)
  Rendered /Users/ashleybaxter/.rvm/gems/ruby-1.9.3-p194/gems/actionpack-3.2.8/lib/action_dispatch/middleware/templates/rescues/diagnostics.erb within rescues/layout (14.6ms)


Started GET "/entries" for 127.0.0.1 at 2013-08-28 19:38:09 +0100
Processing by EntriesController#index as HTML
Completed 500 Internal Server Error in 2ms

ActiveRecord::StatementInvalid (Could not find table 'entries'):
  app/controllers/entries_controller.rb:3:in `index'


  Rendered /Users/ashleybaxter/.rvm/gems/ruby-1.9.3-p194/gems/actionpack-3.2.8/lib/action_dispatch/middleware/templates/rescues/_trace.erb (1.7ms)
  Rendered /Users/ashleybaxter/.rvm/gems/ruby-1.9.3-p194/gems/actionpack-3.2.8/lib/action_dispatch/middleware/templates/rescues/_request_and_response.erb (1.2ms)
  Rendered /Users/ashleybaxter/.rvm/gems/ruby-1.9.3-p194/gems/actionpack-3.2.8/lib/action_dispatch/middleware/templates/rescues/diagnostics.erb within rescues/layout (11.7ms)


Started GET "/entries" for 127.0.0.1 at 2013-08-28 19:38:11 +0100
Processing by EntriesController#index as HTML
Completed 500 Internal Server Error in 1ms

ActiveRecord::StatementInvalid (Could not find table 'entries'):
  app/controllers/entries_controller.rb:3:in `index'


  Rendered /Users/ashleybaxter/.rvm/gems/ruby-1.9.3-p194/gems/actionpack-3.2.8/lib/action_dispatch/middleware/templates/rescues/_trace.erb (1.9ms)
  Rendered /Users/ashleybaxter/.rvm/gems/ruby-1.9.3-p194/gems/actionpack-3.2.8/lib/action_dispatch/middleware/templates/rescues/_request_and_response.erb (1.3ms)
  Rendered /Users/ashleybaxter/.rvm/gems/ruby-1.9.3-p194/gems/actionpack-3.2.8/lib/action_dispatch/middleware/templates/rescues/diagnostics.erb within rescues/layout (11.9ms)


Started GET "/entries" for 127.0.0.1 at 2013-08-28 19:38:15 +0100
Processing by EntriesController#index as HTML
Completed 500 Internal Server Error in 1ms

NameError (uninitialized constant EntriesController::Entries):
  app/controllers/entries_controller.rb:3:in `index'


  Rendered /Users/ashleybaxter/.rvm/gems/ruby-1.9.3-p194/gems/actionpack-3.2.8/lib/action_dispatch/middleware/templates/rescues/_trace.erb (1.7ms)
  Rendered /Users/ashleybaxter/.rvm/gems/ruby-1.9.3-p194/gems/actionpack-3.2.8/lib/action_dispatch/middleware/templates/rescues/_request_and_response.erb (1.2ms)
  Rendered /Users/ashleybaxter/.rvm/gems/ruby-1.9.3-p194/gems/actionpack-3.2.8/lib/action_dispatch/middleware/templates/rescues/diagnostics.erb within rescues/layout (11.7ms)


Started GET "/entries" for 127.0.0.1 at 2013-08-28 19:38:33 +0100
Processing by EntriesController#index as HTML
Completed 500 Internal Server Error in 1ms

NameError (uninitialized constant EntriesController::Entries):
  app/controllers/entries_controller.rb:3:in `index'


  Rendered /Users/ashleybaxter/.rvm/gems/ruby-1.9.3-p194/gems/actionpack-3.2.8/lib/action_dispatch/middleware/templates/rescues/_trace.erb (1.8ms)
  Rendered /Users/ashleybaxter/.rvm/gems/ruby-1.9.3-p194/gems/actionpack-3.2.8/lib/action_dispatch/middleware/templates/rescues/_request_and_response.erb (1.4ms)
  Rendered /Users/ashleybaxter/.rvm/gems/ruby-1.9.3-p194/gems/actionpack-3.2.8/lib/action_dispatch/middleware/templates/rescues/diagnostics.erb within rescues/layout (12.4ms)


Started GET "/entries" for 127.0.0.1 at 2013-08-28 19:38:52 +0100
Processing by EntriesController#index as HTML
  Rendered entries/index.html.erb within layouts/application (0.4ms)
Completed 200 OK in 6ms (Views: 6.0ms | ActiveRecord: 0.0ms)


Started GET "/assets/jquery.js?body=1" for 127.0.0.1 at 2013-08-28 19:38:53 +0100
Served asset /jquery.js - 304 Not Modified (0ms)


Started GET "/assets/entries.css?body=1" for 127.0.0.1 at 2013-08-28 19:38:53 +0100
Served asset /entries.css - 304 Not Modified (0ms)


Started GET "/assets/jquery_ujs.js?body=1" for 127.0.0.1 at 2013-08-28 19:38:53 +0100
Served asset /jquery_ujs.js - 304 Not Modified (0ms)


Started GET "/assets/application.js?body=1" for 127.0.0.1 at 2013-08-28 19:38:53 +0100
Served asset /application.js - 304 Not Modified (0ms)


Started GET "/assets/application.css?body=1" for 127.0.0.1 at 2013-08-28 19:38:53 +0100
Served asset /application.css - 304 Not Modified (0ms)


Started GET "/assets/entries.js?body=1" for 127.0.0.1 at 2013-08-28 19:38:53 +0100
Served asset /entries.js - 304 Not Modified (0ms)


Started GET "/entries" for 127.0.0.1 at 2013-08-28 19:39:04 +0100
Processing by EntriesController#index as HTML
Completed 500 Internal Server Error in 1ms

ActiveRecord::StatementInvalid (Could not find table 'entries'):
  app/controllers/entries_controller.rb:3:in `index'


  Rendered /Users/ashleybaxter/.rvm/gems/ruby-1.9.3-p194/gems/actionpack-3.2.8/lib/action_dispatch/middleware/templates/rescues/_trace.erb (1.7ms)
  Rendered /Users/ashleybaxter/.rvm/gems/ruby-1.9.3-p194/gems/actionpack-3.2.8/lib/action_dispatch/middleware/templates/rescues/_request_and_response.erb (1.3ms)
  Rendered /Users/ashleybaxter/.rvm/gems/ruby-1.9.3-p194/gems/actionpack-3.2.8/lib/action_dispatch/middleware/templates/rescues/diagnostics.erb within rescues/layout (11.8ms)
Connecting to database specified by database.yml
  [1m[36m (0.1ms)[0m  [1mselect sqlite_version(*)[0m
  [1m[35m (1.2ms)[0m  CREATE TABLE "schema_migrations" ("version" varchar(255) NOT NULL) 
  [1m[36m (0.0ms)[0m  [1mPRAGMA index_list("schema_migrations")[0m
  [1m[35m (0.6ms)[0m  CREATE UNIQUE INDEX "unique_schema_migrations" ON "schema_migrations" ("version")
  [1m[36m (0.1ms)[0m  [1mSELECT "schema_migrations"."version" FROM "schema_migrations" [0m
Migrating to CreateEntries (20130828183216)
  [1m[35m (0.0ms)[0m  begin transaction
  [1m[36m (0.3ms)[0m  [1mCREATE TABLE "entries" ("id" INTEGER PRIMARY KEY AUTOINCREMENT NOT NULL, "title" varchar(255), "description" text, "created_at" datetime NOT NULL, "updated_at" datetime NOT NULL) [0m
  [1m[35m (0.1ms)[0m  INSERT INTO "schema_migrations" ("version") VALUES ('20130828183216')
  [1m[36m (0.8ms)[0m  [1mcommit transaction[0m
  [1m[35m (0.2ms)[0m  select sqlite_version(*)
  [1m[36m (0.1ms)[0m  [1mSELECT "schema_migrations"."version" FROM "schema_migrations" [0m
  [1m[35m (0.0ms)[0m  PRAGMA index_list("entries")


Started GET "/entries" for 127.0.0.1 at 2013-08-28 19:39:49 +0100
Connecting to database specified by database.yml
Processing by EntriesController#index as HTML
Completed 500 Internal Server Error in 1ms

NameError (uninitialized constant EntriesController::Entries):
  app/controllers/entries_controller.rb:3:in `index'


  Rendered /Users/ashleybaxter/.rvm/gems/ruby-1.9.3-p194/gems/actionpack-3.2.8/lib/action_dispatch/middleware/templates/rescues/_trace.erb (1.8ms)
  Rendered /Users/ashleybaxter/.rvm/gems/ruby-1.9.3-p194/gems/actionpack-3.2.8/lib/action_dispatch/middleware/templates/rescues/_request_and_response.erb (1.1ms)
  Rendered /Users/ashleybaxter/.rvm/gems/ruby-1.9.3-p194/gems/actionpack-3.2.8/lib/action_dispatch/middleware/templates/rescues/diagnostics.erb within rescues/layout (37.9ms)


Started GET "/entries" for 127.0.0.1 at 2013-08-28 19:39:59 +0100
Processing by EntriesController#index as HTML
Completed 500 Internal Server Error in 1ms

NameError (uninitialized constant EntriesController::Entries):
  app/controllers/entries_controller.rb:3:in `index'


  Rendered /Users/ashleybaxter/.rvm/gems/ruby-1.9.3-p194/gems/actionpack-3.2.8/lib/action_dispatch/middleware/templates/rescues/_trace.erb (1.9ms)
  Rendered /Users/ashleybaxter/.rvm/gems/ruby-1.9.3-p194/gems/actionpack-3.2.8/lib/action_dispatch/middleware/templates/rescues/_request_and_response.erb (1.3ms)
  Rendered /Users/ashleybaxter/.rvm/gems/ruby-1.9.3-p194/gems/actionpack-3.2.8/lib/action_dispatch/middleware/templates/rescues/diagnostics.erb within rescues/layout (12.6ms)


Started GET "/entries" for 127.0.0.1 at 2013-08-28 19:40:07 +0100
Processing by EntriesController#index as HTML
  [1m[36mEntry Load (0.1ms)[0m  [1mSELECT "entries".* FROM "entries" [0m
  Rendered entries/index.html.erb within layouts/application (0.4ms)
Completed 200 OK in 65ms (Views: 43.9ms | ActiveRecord: 1.6ms)


Started GET "/assets/application.css?body=1" for 127.0.0.1 at 2013-08-28 19:40:07 +0100
Served asset /application.css - 304 Not Modified (3ms)


Started GET "/assets/jquery.js?body=1" for 127.0.0.1 at 2013-08-28 19:40:07 +0100
Served asset /jquery.js - 304 Not Modified (9ms)


Started GET "/assets/entries.css?body=1" for 127.0.0.1 at 2013-08-28 19:40:07 +0100
Served asset /entries.css - 304 Not Modified (2ms)


Started GET "/assets/entries.js?body=1" for 127.0.0.1 at 2013-08-28 19:40:07 +0100
Served asset /entries.js - 304 Not Modified (1ms)


Started GET "/assets/jquery_ujs.js?body=1" for 127.0.0.1 at 2013-08-28 19:40:07 +0100
Served asset /jquery_ujs.js - 304 Not Modified (2ms)


Started GET "/assets/application.js?body=1" for 127.0.0.1 at 2013-08-28 19:40:07 +0100
Served asset /application.js - 304 Not Modified (5ms)


Started GET "/entries" for 127.0.0.1 at 2013-08-28 19:40:10 +0100
Processing by EntriesController#index as HTML
  [1m[35mEntry Load (0.1ms)[0m  SELECT "entries".* FROM "entries" 
  Rendered entries/index.html.erb within layouts/application (0.6ms)
Completed 200 OK in 8ms (Views: 6.7ms | ActiveRecord: 0.1ms)


Started GET "/assets/entries.css?body=1" for 127.0.0.1 at 2013-08-28 19:40:10 +0100
Served asset /entries.css - 304 Not Modified (0ms)


Started GET "/assets/application.css?body=1" for 127.0.0.1 at 2013-08-28 19:40:10 +0100
Served asset /application.css - 304 Not Modified (0ms)


Started GET "/assets/jquery.js?body=1" for 127.0.0.1 at 2013-08-28 19:40:10 +0100
Served asset /jquery.js - 304 Not Modified (0ms)


Started GET "/assets/jquery_ujs.js?body=1" for 127.0.0.1 at 2013-08-28 19:40:10 +0100
Served asset /jquery_ujs.js - 304 Not Modified (0ms)


Started GET "/assets/entries.js?body=1" for 127.0.0.1 at 2013-08-28 19:40:10 +0100
Served asset /entries.js - 304 Not Modified (0ms)


Started GET "/assets/application.js?body=1" for 127.0.0.1 at 2013-08-28 19:40:10 +0100
Served asset /application.js - 304 Not Modified (0ms)


Started GET "/entries" for 127.0.0.1 at 2013-08-28 19:40:16 +0100
Processing by EntriesController#index as HTML
  [1m[36mEntry Load (0.2ms)[0m  [1mSELECT "entries".* FROM "entries" [0m
  Rendered entries/index.html.erb within layouts/application (0.5ms)
Completed 200 OK in 7ms (Views: 6.0ms | ActiveRecord: 0.2ms)


Started GET "/assets/entries.css?body=1" for 127.0.0.1 at 2013-08-28 19:40:16 +0100
Served asset /entries.css - 304 Not Modified (0ms)


Started GET "/assets/jquery.js?body=1" for 127.0.0.1 at 2013-08-28 19:40:16 +0100
Served asset /jquery.js - 304 Not Modified (0ms)


Started GET "/assets/jquery_ujs.js?body=1" for 127.0.0.1 at 2013-08-28 19:40:16 +0100
Served asset /jquery_ujs.js - 304 Not Modified (0ms)


Started GET "/assets/application.css?body=1" for 127.0.0.1 at 2013-08-28 19:40:16 +0100
Served asset /application.css - 304 Not Modified (0ms)


Started GET "/assets/application.js?body=1" for 127.0.0.1 at 2013-08-28 19:40:16 +0100
Served asset /application.js - 304 Not Modified (0ms)


Started GET "/assets/entries.js?body=1" for 127.0.0.1 at 2013-08-28 19:40:16 +0100
Served asset /entries.js - 304 Not Modified (0ms)


Started GET "/entries" for 127.0.0.1 at 2013-08-28 19:40:17 +0100
Processing by EntriesController#index as HTML
  [1m[35mEntry Load (0.1ms)[0m  SELECT "entries".* FROM "entries" 
  Rendered entries/index.html.erb within layouts/application (0.0ms)
Completed 200 OK in 6ms (Views: 5.1ms | ActiveRecord: 0.1ms)


Started GET "/assets/entries.css?body=1" for 127.0.0.1 at 2013-08-28 19:40:17 +0100
Served asset /entries.css - 304 Not Modified (0ms)


Started GET "/assets/jquery_ujs.js?body=1" for 127.0.0.1 at 2013-08-28 19:40:17 +0100
Served asset /jquery_ujs.js - 304 Not Modified (0ms)


Started GET "/assets/entries.js?body=1" for 127.0.0.1 at 2013-08-28 19:40:17 +0100
Served asset /entries.js - 304 Not Modified (0ms)


Started GET "/assets/application.css?body=1" for 127.0.0.1 at 2013-08-28 19:40:17 +0100
Served asset /application.css - 304 Not Modified (0ms)


Started GET "/assets/jquery.js?body=1" for 127.0.0.1 at 2013-08-28 19:40:17 +0100
Served asset /jquery.js - 304 Not Modified (0ms)


Started GET "/assets/application.js?body=1" for 127.0.0.1 at 2013-08-28 19:40:17 +0100
Served asset /application.js - 304 Not Modified (0ms)


Started GET "/entries" for 127.0.0.1 at 2013-08-28 19:40:35 +0100
Processing by EntriesController#index as HTML
  [1m[36mEntry Load (0.1ms)[0m  [1mSELECT "entries".* FROM "entries" [0m
  Rendered entries/index.html.erb within layouts/application (0.4ms)
Completed 200 OK in 9ms (Views: 5.9ms | ActiveRecord: 0.6ms)


Started GET "/assets/entries.css?body=1" for 127.0.0.1 at 2013-08-28 19:40:35 +0100
Served asset /entries.css - 304 Not Modified (0ms)


Started GET "/assets/jquery.js?body=1" for 127.0.0.1 at 2013-08-28 19:40:35 +0100
Served asset /jquery.js - 304 Not Modified (0ms)


Started GET "/assets/entries.js?body=1" for 127.0.0.1 at 2013-08-28 19:40:35 +0100
Served asset /entries.js - 304 Not Modified (0ms)


Started GET "/assets/jquery_ujs.js?body=1" for 127.0.0.1 at 2013-08-28 19:40:35 +0100
Served asset /jquery_ujs.js - 304 Not Modified (0ms)


Started GET "/assets/application.css?body=1" for 127.0.0.1 at 2013-08-28 19:40:35 +0100
Served asset /application.css - 304 Not Modified (0ms)


Started GET "/assets/application.js?body=1" for 127.0.0.1 at 2013-08-28 19:40:35 +0100
Served asset /application.js - 304 Not Modified (0ms)


Started GET "/entries" for 127.0.0.1 at 2013-08-28 19:40:46 +0100
Processing by EntriesController#index as HTML
  [1m[35mEntry Load (0.2ms)[0m  SELECT "entries".* FROM "entries" 
  Rendered entries/index.html.erb within layouts/application (0.5ms)
Completed 200 OK in 7ms (Views: 5.9ms | ActiveRecord: 0.2ms)


Started GET "/assets/jquery.js?body=1" for 127.0.0.1 at 2013-08-28 19:40:46 +0100
Served asset /jquery.js - 304 Not Modified (0ms)


Started GET "/assets/application.css?body=1" for 127.0.0.1 at 2013-08-28 19:40:46 +0100
Served asset /application.css - 304 Not Modified (0ms)


Started GET "/assets/entries.js?body=1" for 127.0.0.1 at 2013-08-28 19:40:46 +0100
Served asset /entries.js - 304 Not Modified (0ms)


Started GET "/assets/jquery_ujs.js?body=1" for 127.0.0.1 at 2013-08-28 19:40:46 +0100
Served asset /jquery_ujs.js - 304 Not Modified (0ms)


Started GET "/assets/entries.css?body=1" for 127.0.0.1 at 2013-08-28 19:40:46 +0100
Served asset /entries.css - 304 Not Modified (0ms)


Started GET "/assets/application.js?body=1" for 127.0.0.1 at 2013-08-28 19:40:46 +0100
Served asset /application.js - 304 Not Modified (0ms)


Started GET "/entries" for 127.0.0.1 at 2013-08-28 19:40:50 +0100
Processing by EntriesController#index as HTML
  [1m[36mEntry Load (0.1ms)[0m  [1mSELECT "entries".* FROM "entries" [0m
  Rendered entries/index.html.erb within layouts/application (0.6ms)
Completed 200 OK in 7ms (Views: 6.1ms | ActiveRecord: 0.1ms)


Started GET "/assets/jquery_ujs.js?body=1" for 127.0.0.1 at 2013-08-28 19:40:50 +0100
Served asset /jquery_ujs.js - 304 Not Modified (0ms)


Started GET "/assets/application.js?body=1" for 127.0.0.1 at 2013-08-28 19:40:50 +0100
Served asset /application.js - 304 Not Modified (0ms)


Started GET "/assets/entries.css?body=1" for 127.0.0.1 at 2013-08-28 19:40:50 +0100
Served asset /entries.css - 304 Not Modified (0ms)


Started GET "/assets/jquery.js?body=1" for 127.0.0.1 at 2013-08-28 19:40:50 +0100
Served asset /jquery.js - 304 Not Modified (0ms)


Started GET "/assets/entries.js?body=1" for 127.0.0.1 at 2013-08-28 19:40:50 +0100
Served asset /entries.js - 304 Not Modified (0ms)


Started GET "/assets/application.css?body=1" for 127.0.0.1 at 2013-08-28 19:40:50 +0100
Served asset /application.css - 304 Not Modified (0ms)


Started GET "/entries/new" for 127.0.0.1 at 2013-08-28 19:43:36 +0100
Processing by EntriesController#new as HTML
  Rendered entries/_form.html.erb (12.1ms)
  Rendered entries/new.html.erb within layouts/application (18.2ms)
Completed 200 OK in 32ms (Views: 23.9ms | ActiveRecord: 0.4ms)


Started GET "/assets/application.css?body=1" for 127.0.0.1 at 2013-08-28 19:43:36 +0100
Served asset /application.css - 304 Not Modified (0ms)


Started GET "/assets/entries.css?body=1" for 127.0.0.1 at 2013-08-28 19:43:36 +0100
Served asset /entries.css - 304 Not Modified (0ms)


Started GET "/assets/jquery_ujs.js?body=1" for 127.0.0.1 at 2013-08-28 19:43:36 +0100
Served asset /jquery_ujs.js - 304 Not Modified (0ms)


Started GET "/assets/entries.js?body=1" for 127.0.0.1 at 2013-08-28 19:43:36 +0100
Served asset /entries.js - 304 Not Modified (0ms)


Started GET "/assets/jquery.js?body=1" for 127.0.0.1 at 2013-08-28 19:43:36 +0100
Served asset /jquery.js - 304 Not Modified (0ms)


Started GET "/assets/application.js?body=1" for 127.0.0.1 at 2013-08-28 19:43:36 +0100
Served asset /application.js - 304 Not Modified (0ms)


Started GET "/entries/new" for 127.0.0.1 at 2013-08-28 19:43:38 +0100
Processing by EntriesController#new as HTML
  Rendered entries/_form.html.erb (2.7ms)
  Rendered entries/new.html.erb within layouts/application (3.5ms)
Completed 200 OK in 9ms (Views: 8.8ms | ActiveRecord: 0.0ms)


Started GET "/assets/entries.css?body=1" for 127.0.0.1 at 2013-08-28 19:43:38 +0100
Served asset /entries.css - 304 Not Modified (0ms)


Started GET "/assets/entries.js?body=1" for 127.0.0.1 at 2013-08-28 19:43:38 +0100
Served asset /entries.js - 304 Not Modified (0ms)


Started GET "/assets/application.css?body=1" for 127.0.0.1 at 2013-08-28 19:43:38 +0100
Served asset /application.css - 304 Not Modified (0ms)


Started GET "/assets/jquery.js?body=1" for 127.0.0.1 at 2013-08-28 19:43:38 +0100
Served asset /jquery.js - 304 Not Modified (0ms)


Started GET "/assets/application.js?body=1" for 127.0.0.1 at 2013-08-28 19:43:38 +0100
Served asset /application.js - 304 Not Modified (0ms)


Started GET "/assets/jquery_ujs.js?body=1" for 127.0.0.1 at 2013-08-28 19:43:38 +0100
Served asset /jquery_ujs.js - 304 Not Modified (0ms)


Started GET "/entries/new" for 127.0.0.1 at 2013-08-28 19:43:55 +0100
Processing by EntriesController#new as HTML
  Rendered entries/_form.html.erb (2.9ms)
  Rendered entries/new.html.erb within layouts/application (4.2ms)
Completed 200 OK in 10ms (Views: 9.1ms | ActiveRecord: 0.0ms)


Started GET "/assets/entries.css?body=1" for 127.0.0.1 at 2013-08-28 19:43:55 +0100
Served asset /entries.css - 304 Not Modified (0ms)


Started GET "/assets/jquery.js?body=1" for 127.0.0.1 at 2013-08-28 19:43:55 +0100
Served asset /jquery.js - 304 Not Modified (0ms)


Started GET "/assets/entries.js?body=1" for 127.0.0.1 at 2013-08-28 19:43:55 +0100
Served asset /entries.js - 304 Not Modified (0ms)


Started GET "/assets/application.css?body=1" for 127.0.0.1 at 2013-08-28 19:43:55 +0100
Served asset /application.css - 304 Not Modified (0ms)


Started GET "/assets/jquery_ujs.js?body=1" for 127.0.0.1 at 2013-08-28 19:43:55 +0100
Served asset /jquery_ujs.js - 304 Not Modified (0ms)


Started GET "/assets/application.js?body=1" for 127.0.0.1 at 2013-08-28 19:43:55 +0100
Served asset /application.js - 304 Not Modified (0ms)


Started GET "/entries/new" for 127.0.0.1 at 2013-08-28 19:46:01 +0100
Processing by EntriesController#new as HTML
  Rendered entries/_form.html.erb (3.6ms)
  Rendered entries/new.html.erb within layouts/application (4.4ms)
Completed 200 OK in 17ms (Views: 9.7ms | ActiveRecord: 0.5ms)


Started GET "/assets/application.css?body=1" for 127.0.0.1 at 2013-08-28 19:46:01 +0100
Served asset /application.css - 304 Not Modified (0ms)


Started GET "/assets/entries.css?body=1" for 127.0.0.1 at 2013-08-28 19:46:01 +0100
Served asset /entries.css - 304 Not Modified (0ms)


Started GET "/assets/jquery.js?body=1" for 127.0.0.1 at 2013-08-28 19:46:01 +0100
Served asset /jquery.js - 304 Not Modified (0ms)


Started GET "/assets/application.js?body=1" for 127.0.0.1 at 2013-08-28 19:46:01 +0100
Served asset /application.js - 304 Not Modified (0ms)


Started GET "/assets/jquery_ujs.js?body=1" for 127.0.0.1 at 2013-08-28 19:46:01 +0100
Served asset /jquery_ujs.js - 304 Not Modified (0ms)


Started GET "/assets/entries.js?body=1" for 127.0.0.1 at 2013-08-28 19:46:01 +0100
Served asset /entries.js - 304 Not Modified (0ms)


Started GET "/entries/new" for 127.0.0.1 at 2013-08-28 19:46:12 +0100
Processing by EntriesController#new as HTML
  Rendered entries/_form.html.erb (23.1ms)
  Rendered entries/new.html.erb within layouts/application (23.9ms)
Completed 500 Internal Server Error in 26ms

ActionView::Template::Error (undefined method `textbox' for #<ActionView::Helpers::FormBuilder:0x007fdd133cfe68>):
    6: </fieldset>
    7: <fieldset>
    8: 	<%= f.label :description %>
    9: 	<%= f.textbox :description %>
    10: </fieldset>
    11: 
    12: <%= f.submit %>
  app/views/entries/_form.html.erb:9:in `block in _app_views_entries__form_html_erb__4166214029095848246_70293740175620'
  app/views/entries/_form.html.erb:1:in `_app_views_entries__form_html_erb__4166214029095848246_70293740175620'
  app/views/entries/new.html.erb:1:in `_app_views_entries_new_html_erb__4572366183723855447_70293742479660'


  Rendered /Users/ashleybaxter/.rvm/gems/ruby-1.9.3-p194/gems/actionpack-3.2.8/lib/action_dispatch/middleware/templates/rescues/_trace.erb (2.0ms)
  Rendered /Users/ashleybaxter/.rvm/gems/ruby-1.9.3-p194/gems/actionpack-3.2.8/lib/action_dispatch/middleware/templates/rescues/_request_and_response.erb (1.4ms)
  Rendered /Users/ashleybaxter/.rvm/gems/ruby-1.9.3-p194/gems/actionpack-3.2.8/lib/action_dispatch/middleware/templates/rescues/template_error.erb within rescues/layout (12.6ms)


Started GET "/entries/new" for 127.0.0.1 at 2013-08-28 19:46:22 +0100
Processing by EntriesController#new as HTML
  Rendered entries/_form.html.erb (46.1ms)
  Rendered entries/new.html.erb within layouts/application (47.0ms)
Completed 500 Internal Server Error in 49ms

ActionView::Template::Error (undefined method `text_box' for #<ActionView::Helpers::FormBuilder:0x007fdd129e1640>):
    6: </fieldset>
    7: <fieldset>
    8: 	<%= f.label :description %>
    9: 	<%= f.text_box :description %>
    10: </fieldset>
    11: 
    12: <%= f.submit %>
  app/views/entries/_form.html.erb:9:in `block in _app_views_entries__form_html_erb__4166214029095848246_70293743374700'
  app/views/entries/_form.html.erb:1:in `_app_views_entries__form_html_erb__4166214029095848246_70293743374700'
  app/views/entries/new.html.erb:1:in `_app_views_entries_new_html_erb__4572366183723855447_70293742479660'


  Rendered /Users/ashleybaxter/.rvm/gems/ruby-1.9.3-p194/gems/actionpack-3.2.8/lib/action_dispatch/middleware/templates/rescues/_trace.erb (1.8ms)
  Rendered /Users/ashleybaxter/.rvm/gems/ruby-1.9.3-p194/gems/actionpack-3.2.8/lib/action_dispatch/middleware/templates/rescues/_request_and_response.erb (1.1ms)
  Rendered /Users/ashleybaxter/.rvm/gems/ruby-1.9.3-p194/gems/actionpack-3.2.8/lib/action_dispatch/middleware/templates/rescues/template_error.erb within rescues/layout (11.4ms)


Started GET "/entries/new" for 127.0.0.1 at 2013-08-28 19:46:44 +0100
Processing by EntriesController#new as HTML
  Rendered entries/_form.html.erb (17.6ms)
  Rendered entries/new.html.erb within layouts/application (18.4ms)
Completed 500 Internal Server Error in 20ms

ActionView::Template::Error (undefined method `description' for #<ActionView::Helpers::FormBuilder:0x007fdd1301fe80>):
    6: </fieldset>
    7: <fieldset>
    8: 	<%= f.label :description %>
    9: 	<%= f.description :description %>
    10: </fieldset>
    11: 
    12: <%= f.submit %>
  app/views/entries/_form.html.erb:9:in `block in _app_views_entries__form_html_erb__4166214029095848246_70293741666560'
  app/views/entries/_form.html.erb:1:in `_app_views_entries__form_html_erb__4166214029095848246_70293741666560'
  app/views/entries/new.html.erb:1:in `_app_views_entries_new_html_erb__4572366183723855447_70293742479660'


  Rendered /Users/ashleybaxter/.rvm/gems/ruby-1.9.3-p194/gems/actionpack-3.2.8/lib/action_dispatch/middleware/templates/rescues/_trace.erb (1.8ms)
  Rendered /Users/ashleybaxter/.rvm/gems/ruby-1.9.3-p194/gems/actionpack-3.2.8/lib/action_dispatch/middleware/templates/rescues/_request_and_response.erb (1.2ms)
  Rendered /Users/ashleybaxter/.rvm/gems/ruby-1.9.3-p194/gems/actionpack-3.2.8/lib/action_dispatch/middleware/templates/rescues/template_error.erb within rescues/layout (11.8ms)


Started GET "/entries/new" for 127.0.0.1 at 2013-08-28 19:47:05 +0100
Processing by EntriesController#new as HTML
  Rendered entries/_form.html.erb (3.3ms)
  Rendered entries/new.html.erb within layouts/application (4.1ms)
Completed 200 OK in 9ms (Views: 9.0ms | ActiveRecord: 0.0ms)


Started GET "/assets/application.css?body=1" for 127.0.0.1 at 2013-08-28 19:47:05 +0100
Served asset /application.css - 304 Not Modified (0ms)


Started GET "/assets/entries.css?body=1" for 127.0.0.1 at 2013-08-28 19:47:05 +0100
Served asset /entries.css - 304 Not Modified (0ms)


Started GET "/assets/jquery.js?body=1" for 127.0.0.1 at 2013-08-28 19:47:05 +0100
Served asset /jquery.js - 304 Not Modified (0ms)


Started GET "/assets/application.js?body=1" for 127.0.0.1 at 2013-08-28 19:47:05 +0100
Served asset /application.js - 304 Not Modified (0ms)


Started GET "/assets/entries.js?body=1" for 127.0.0.1 at 2013-08-28 19:47:05 +0100
Served asset /entries.js - 304 Not Modified (0ms)


Started GET "/assets/jquery_ujs.js?body=1" for 127.0.0.1 at 2013-08-28 19:47:05 +0100
Served asset /jquery_ujs.js - 304 Not Modified (0ms)


Started POST "/entries" for 127.0.0.1 at 2013-08-28 19:48:38 +0100
Processing by EntriesController#create as HTML
  Parameters: {"utf8"=>"✓", "authenticity_token"=>"zZVRfYWjN6zOWvRZBJSG7b/yAPW+YVEoG1y3TmxZeRo=", "entry"=>{"title"=>"What is my rebuild value?", "description"=>"The rebuild value is the re-instatement value for any property."}, "commit"=>"Create Entry"}
  [1m[35m (0.1ms)[0m  begin transaction
  [1m[36mSQL (33.7ms)[0m  [1mINSERT INTO "entries" ("created_at", "description", "title", "updated_at") VALUES (?, ?, ?, ?)[0m  [["created_at", Wed, 28 Aug 2013 18:48:38 UTC +00:00], ["description", "The rebuild value is the re-instatement value for any property."], ["title", "What is my rebuild value?"], ["updated_at", Wed, 28 Aug 2013 18:48:38 UTC +00:00]]
  [1m[35m (0.9ms)[0m  commit transaction
Redirected to http://0.0.0.0:3000/entries/1
Completed 302 Found in 39ms (ActiveRecord: 34.7ms)


Started GET "/entries/1" for 127.0.0.1 at 2013-08-28 19:48:38 +0100

AbstractController::ActionNotFound (The action 'show' could not be found for EntriesController):
  actionpack (3.2.8) lib/abstract_controller/base.rb:116:in `process'
  actionpack (3.2.8) lib/abstract_controller/rendering.rb:45:in `process'
  actionpack (3.2.8) lib/action_controller/metal.rb:203:in `dispatch'
  actionpack (3.2.8) lib/action_controller/metal/rack_delegation.rb:14:in `dispatch'
  actionpack (3.2.8) lib/action_controller/metal.rb:246:in `block in action'
  actionpack (3.2.8) lib/action_dispatch/routing/route_set.rb:73:in `call'
  actionpack (3.2.8) lib/action_dispatch/routing/route_set.rb:73:in `dispatch'
  actionpack (3.2.8) lib/action_dispatch/routing/route_set.rb:36:in `call'
  journey (1.0.4) lib/journey/router.rb:68:in `block in call'
  journey (1.0.4) lib/journey/router.rb:56:in `each'
  journey (1.0.4) lib/journey/router.rb:56:in `call'
  actionpack (3.2.8) lib/action_dispatch/routing/route_set.rb:600:in `call'
  actionpack (3.2.8) lib/action_dispatch/middleware/best_standards_support.rb:17:in `call'
  rack (1.4.5) lib/rack/etag.rb:23:in `call'
  rack (1.4.5) lib/rack/conditionalget.rb:25:in `call'
  actionpack (3.2.8) lib/action_dispatch/middleware/head.rb:14:in `call'
  actionpack (3.2.8) lib/action_dispatch/middleware/params_parser.rb:21:in `call'
  actionpack (3.2.8) lib/action_dispatch/middleware/flash.rb:242:in `call'
  rack (1.4.5) lib/rack/session/abstract/id.rb:210:in `context'
  rack (1.4.5) lib/rack/session/abstract/id.rb:205:in `call'
  actionpack (3.2.8) lib/action_dispatch/middleware/cookies.rb:339:in `call'
  activerecord (3.2.8) lib/active_record/query_cache.rb:64:in `call'
  activerecord (3.2.8) lib/active_record/connection_adapters/abstract/connection_pool.rb:473:in `call'
  actionpack (3.2.8) lib/action_dispatch/middleware/callbacks.rb:28:in `block in call'
  activesupport (3.2.8) lib/active_support/callbacks.rb:405:in `_run__2336157624791826620__call__121190294072743972__callbacks'
  activesupport (3.2.8) lib/active_support/callbacks.rb:405:in `__run_callback'
  activesupport (3.2.8) lib/active_support/callbacks.rb:385:in `_run_call_callbacks'
  activesupport (3.2.8) lib/active_support/callbacks.rb:81:in `run_callbacks'
  actionpack (3.2.8) lib/action_dispatch/middleware/callbacks.rb:27:in `call'
  actionpack (3.2.8) lib/action_dispatch/middleware/reloader.rb:65:in `call'
  actionpack (3.2.8) lib/action_dispatch/middleware/remote_ip.rb:31:in `call'
  actionpack (3.2.8) lib/action_dispatch/middleware/debug_exceptions.rb:16:in `call'
  actionpack (3.2.8) lib/action_dispatch/middleware/show_exceptions.rb:56:in `call'
  railties (3.2.8) lib/rails/rack/logger.rb:26:in `call_app'
  railties (3.2.8) lib/rails/rack/logger.rb:16:in `call'
  actionpack (3.2.8) lib/action_dispatch/middleware/request_id.rb:22:in `call'
  rack (1.4.5) lib/rack/methodoverride.rb:21:in `call'
  rack (1.4.5) lib/rack/runtime.rb:17:in `call'
  activesupport (3.2.8) lib/active_support/cache/strategy/local_cache.rb:72:in `call'
  rack (1.4.5) lib/rack/lock.rb:15:in `call'
  actionpack (3.2.8) lib/action_dispatch/middleware/static.rb:62:in `call'
  railties (3.2.8) lib/rails/engine.rb:479:in `call'
  railties (3.2.8) lib/rails/application.rb:223:in `call'
  rack (1.4.5) lib/rack/content_length.rb:14:in `call'
  railties (3.2.8) lib/rails/rack/log_tailer.rb:17:in `call'
  rack (1.4.5) lib/rack/handler/webrick.rb:59:in `service'
  /Users/ashleybaxter/.rvm/rubies/ruby-1.9.3-p194/lib/ruby/1.9.1/webrick/httpserver.rb:138:in `service'
  /Users/ashleybaxter/.rvm/rubies/ruby-1.9.3-p194/lib/ruby/1.9.1/webrick/httpserver.rb:94:in `run'
  /Users/ashleybaxter/.rvm/rubies/ruby-1.9.3-p194/lib/ruby/1.9.1/webrick/server.rb:191:in `block in start_thread'


  Rendered /Users/ashleybaxter/.rvm/gems/ruby-1.9.3-p194/gems/actionpack-3.2.8/lib/action_dispatch/middleware/templates/rescues/unknown_action.erb within rescues/layout (0.5ms)


Started GET "/entries/1" for 127.0.0.1 at 2013-08-28 19:49:44 +0100
Processing by EntriesController#show as HTML
  Parameters: {"id"=>"1"}
  [1m[36mEntry Load (0.2ms)[0m  [1mSELECT "entries".* FROM "entries" WHERE "entries"."id" = ? LIMIT 1[0m  [["id", "1"]]
  Rendered entries/show.html.erb within layouts/application (0.5ms)
Completed 200 OK in 16ms (Views: 6.1ms | ActiveRecord: 0.6ms)


Started GET "/assets/entries.css?body=1" for 127.0.0.1 at 2013-08-28 19:49:44 +0100
Served asset /entries.css - 304 Not Modified (0ms)


Started GET "/assets/jquery.js?body=1" for 127.0.0.1 at 2013-08-28 19:49:44 +0100
Served asset /jquery.js - 304 Not Modified (0ms)


Started GET "/assets/jquery_ujs.js?body=1" for 127.0.0.1 at 2013-08-28 19:49:44 +0100
Served asset /jquery_ujs.js - 304 Not Modified (0ms)


Started GET "/assets/application.css?body=1" for 127.0.0.1 at 2013-08-28 19:49:44 +0100
Served asset /application.css - 304 Not Modified (0ms)


Started GET "/assets/application.js?body=1" for 127.0.0.1 at 2013-08-28 19:49:44 +0100
Served asset /application.js - 304 Not Modified (0ms)


Started GET "/assets/entries.js?body=1" for 127.0.0.1 at 2013-08-28 19:49:44 +0100
Served asset /entries.js - 304 Not Modified (0ms)


Started GET "/entries/1" for 127.0.0.1 at 2013-08-28 19:54:44 +0100
Processing by EntriesController#show as HTML
  Parameters: {"id"=>"1"}
  [1m[35mEntry Load (0.2ms)[0m  SELECT "entries".* FROM "entries" WHERE "entries"."id" = ? LIMIT 1  [["id", "1"]]
  Rendered entries/show.html.erb within layouts/application (1.1ms)
Completed 200 OK in 16ms (Views: 6.8ms | ActiveRecord: 0.6ms)


Started GET "/assets/entries.css?body=1" for 127.0.0.1 at 2013-08-28 19:54:44 +0100
Served asset /entries.css - 304 Not Modified (0ms)


Started GET "/assets/jquery_ujs.js?body=1" for 127.0.0.1 at 2013-08-28 19:54:44 +0100
Served asset /jquery_ujs.js - 304 Not Modified (0ms)


Started GET "/assets/application.css?body=1" for 127.0.0.1 at 2013-08-28 19:54:44 +0100
Served asset /application.css - 304 Not Modified (0ms)


Started GET "/assets/jquery.js?body=1" for 127.0.0.1 at 2013-08-28 19:54:44 +0100
Served asset /jquery.js - 304 Not Modified (0ms)


Started GET "/assets/application.js?body=1" for 127.0.0.1 at 2013-08-28 19:54:44 +0100
Served asset /application.js - 304 Not Modified (0ms)


Started GET "/assets/entries.js?body=1" for 127.0.0.1 at 2013-08-28 19:54:44 +0100
Served asset /entries.js - 304 Not Modified (0ms)


Started GET "/entries/1/edit" for 127.0.0.1 at 2013-08-28 19:54:47 +0100
Processing by EntriesController#edit as HTML
  Parameters: {"id"=>"1"}
  [1m[36mEntry Load (0.1ms)[0m  [1mSELECT "entries".* FROM "entries" WHERE "entries"."id" = ? LIMIT 1[0m  [["id", "1"]]
  Rendered entries/_form.html.erb (3.9ms)
  Rendered entries/edit.html.erb within layouts/application (5.2ms)
Completed 200 OK in 13ms (Views: 11.1ms | ActiveRecord: 0.1ms)


Started GET "/assets/jquery.js?body=1" for 127.0.0.1 at 2013-08-28 19:54:47 +0100
Served asset /jquery.js - 304 Not Modified (0ms)


Started GET "/assets/entries.css?body=1" for 127.0.0.1 at 2013-08-28 19:54:47 +0100
Served asset /entries.css - 304 Not Modified (0ms)


Started GET "/assets/application.css?body=1" for 127.0.0.1 at 2013-08-28 19:54:47 +0100
Served asset /application.css - 304 Not Modified (0ms)


Started GET "/assets/application.js?body=1" for 127.0.0.1 at 2013-08-28 19:54:47 +0100
Served asset /application.js - 304 Not Modified (0ms)


Started GET "/assets/entries.js?body=1" for 127.0.0.1 at 2013-08-28 19:54:47 +0100
Served asset /entries.js - 304 Not Modified (0ms)


Started GET "/assets/jquery_ujs.js?body=1" for 127.0.0.1 at 2013-08-28 19:54:47 +0100
Served asset /jquery_ujs.js - 304 Not Modified (0ms)


Started PUT "/entries/1" for 127.0.0.1 at 2013-08-28 19:57:16 +0100
Processing by EntriesController#update as HTML
  Parameters: {"utf8"=>"✓", "authenticity_token"=>"zZVRfYWjN6zOWvRZBJSG7b/yAPW+YVEoG1y3TmxZeRo=", "entry"=>{"title"=>"What is my rebuild value?", "description"=>"The rebuild value is the re-instatement value for any property and not the current market value."}, "commit"=>"Update Entry", "id"=>"1"}
  [1m[35mEntry Load (0.1ms)[0m  SELECT "entries".* FROM "entries" WHERE "entries"."id" = ? LIMIT 1  [["id", "1"]]
  [1m[36m (0.1ms)[0m  [1mbegin transaction[0m
  [1m[35m (0.3ms)[0m  UPDATE "entries" SET "description" = 'The rebuild value is the re-instatement value for any property and not the current market value.', "updated_at" = '2013-08-28 18:57:16.486010' WHERE "entries"."id" = 1
  [1m[36m (1.3ms)[0m  [1mcommit transaction[0m
Redirected to http://0.0.0.0:3000/entries/1
Completed 302 Found in 16ms (ActiveRecord: 2.3ms)


Started GET "/entries/1" for 127.0.0.1 at 2013-08-28 19:57:16 +0100
Processing by EntriesController#show as HTML
  Parameters: {"id"=>"1"}
  [1m[35mEntry Load (0.1ms)[0m  SELECT "entries".* FROM "entries" WHERE "entries"."id" = ? LIMIT 1  [["id", "1"]]
  Rendered entries/show.html.erb within layouts/application (0.5ms)
Completed 200 OK in 7ms (Views: 5.7ms | ActiveRecord: 0.1ms)


Started GET "/assets/application.css?body=1" for 127.0.0.1 at 2013-08-28 19:57:16 +0100
Served asset /application.css - 304 Not Modified (0ms)


Started GET "/assets/jquery.js?body=1" for 127.0.0.1 at 2013-08-28 19:57:16 +0100
Served asset /jquery.js - 304 Not Modified (0ms)


Started GET "/assets/jquery_ujs.js?body=1" for 127.0.0.1 at 2013-08-28 19:57:16 +0100
Served asset /jquery_ujs.js - 304 Not Modified (0ms)


Started GET "/assets/entries.css?body=1" for 127.0.0.1 at 2013-08-28 19:57:16 +0100
Served asset /entries.css - 304 Not Modified (0ms)


Started GET "/assets/application.js?body=1" for 127.0.0.1 at 2013-08-28 19:57:16 +0100
Served asset /application.js - 304 Not Modified (0ms)


Started GET "/assets/entries.js?body=1" for 127.0.0.1 at 2013-08-28 19:57:16 +0100
Served asset /entries.js - 304 Not Modified (0ms)


Started GET "/entries/1" for 127.0.0.1 at 2013-08-28 19:58:02 +0100
Processing by EntriesController#show as HTML
  Parameters: {"id"=>"1"}
  [1m[36mEntry Load (0.1ms)[0m  [1mSELECT "entries".* FROM "entries" WHERE "entries"."id" = ? LIMIT 1[0m  [["id", "1"]]
  Rendered entries/show.html.erb within layouts/application (1.6ms)
Completed 200 OK in 8ms (Views: 6.6ms | ActiveRecord: 0.1ms)


Started GET "/assets/application.css?body=1" for 127.0.0.1 at 2013-08-28 19:58:02 +0100
Served asset /application.css - 304 Not Modified (0ms)


Started GET "/assets/entries.css?body=1" for 127.0.0.1 at 2013-08-28 19:58:02 +0100
Served asset /entries.css - 304 Not Modified (0ms)


Started GET "/assets/application.js?body=1" for 127.0.0.1 at 2013-08-28 19:58:02 +0100
Served asset /application.js - 304 Not Modified (0ms)


Started GET "/assets/jquery_ujs.js?body=1" for 127.0.0.1 at 2013-08-28 19:58:02 +0100
Served asset /jquery_ujs.js - 304 Not Modified (0ms)


Started GET "/assets/entries.js?body=1" for 127.0.0.1 at 2013-08-28 19:58:02 +0100
Served asset /entries.js - 304 Not Modified (0ms)


Started GET "/assets/jquery.js?body=1" for 127.0.0.1 at 2013-08-28 19:58:02 +0100
Served asset /jquery.js - 304 Not Modified (0ms)


Started GET "/entries/1" for 127.0.0.1 at 2013-08-28 19:58:41 +0100
Processing by EntriesController#show as HTML
  Parameters: {"id"=>"1"}
  [1m[35mEntry Load (0.2ms)[0m  SELECT "entries".* FROM "entries" WHERE "entries"."id" = ? LIMIT 1  [["id", "1"]]
  Rendered entries/show.html.erb within layouts/application (1.0ms)
Completed 200 OK in 16ms (Views: 6.6ms | ActiveRecord: 0.6ms)


Started GET "/assets/entries.css?body=1" for 127.0.0.1 at 2013-08-28 19:58:41 +0100
Served asset /entries.css - 304 Not Modified (0ms)


Started GET "/assets/entries.js?body=1" for 127.0.0.1 at 2013-08-28 19:58:41 +0100
Served asset /entries.js - 304 Not Modified (0ms)


Started GET "/assets/application.css?body=1" for 127.0.0.1 at 2013-08-28 19:58:41 +0100
Served asset /application.css - 304 Not Modified (0ms)


Started GET "/assets/jquery_ujs.js?body=1" for 127.0.0.1 at 2013-08-28 19:58:41 +0100
Served asset /jquery_ujs.js - 304 Not Modified (0ms)


Started GET "/assets/jquery.js?body=1" for 127.0.0.1 at 2013-08-28 19:58:41 +0100
Served asset /jquery.js - 304 Not Modified (0ms)


Started GET "/assets/application.js?body=1" for 127.0.0.1 at 2013-08-28 19:58:41 +0100
Served asset /application.js - 304 Not Modified (0ms)


Started DELETE "/entries/1" for 127.0.0.1 at 2013-08-28 19:58:43 +0100
Processing by EntriesController#destroy as HTML
  Parameters: {"authenticity_token"=>"zZVRfYWjN6zOWvRZBJSG7b/yAPW+YVEoG1y3TmxZeRo=", "id"=>"1"}
  [1m[36mEntry Load (0.1ms)[0m  [1mSELECT "entries".* FROM "entries" WHERE "entries"."id" = ? LIMIT 1[0m  [["id", "1"]]
  [1m[35m (0.1ms)[0m  begin transaction
  [1m[36mSQL (0.3ms)[0m  [1mDELETE FROM "entries" WHERE "entries"."id" = ?[0m  [["id", 1]]
  [1m[35m (2.1ms)[0m  commit transaction
Redirected to http://0.0.0.0:3000/entries
Completed 302 Found in 6ms (ActiveRecord: 2.6ms)


Started GET "/entries" for 127.0.0.1 at 2013-08-28 19:58:43 +0100
Processing by EntriesController#index as HTML
  [1m[36mEntry Load (0.2ms)[0m  [1mSELECT "entries".* FROM "entries" [0m
  Rendered entries/index.html.erb within layouts/application (0.6ms)
Completed 200 OK in 8ms (Views: 6.3ms | ActiveRecord: 0.2ms)


Started GET "/assets/application.css?body=1" for 127.0.0.1 at 2013-08-28 19:58:43 +0100
Served asset /application.css - 304 Not Modified (0ms)


Started GET "/assets/jquery.js?body=1" for 127.0.0.1 at 2013-08-28 19:58:43 +0100
Served asset /jquery.js - 304 Not Modified (0ms)


Started GET "/assets/entries.css?body=1" for 127.0.0.1 at 2013-08-28 19:58:43 +0100
Served asset /entries.css - 304 Not Modified (0ms)


Started GET "/assets/jquery_ujs.js?body=1" for 127.0.0.1 at 2013-08-28 19:58:43 +0100
Served asset /jquery_ujs.js - 304 Not Modified (0ms)


Started GET "/assets/entries.js?body=1" for 127.0.0.1 at 2013-08-28 19:58:43 +0100
Served asset /entries.js - 304 Not Modified (0ms)


Started GET "/assets/application.js?body=1" for 127.0.0.1 at 2013-08-28 19:58:43 +0100
Served asset /application.js - 304 Not Modified (0ms)


Started GET "/entries" for 127.0.0.1 at 2013-08-28 19:58:46 +0100
Processing by EntriesController#index as HTML
  [1m[35mEntry Load (0.1ms)[0m  SELECT "entries".* FROM "entries" 
  Rendered entries/index.html.erb within layouts/application (0.0ms)
Completed 200 OK in 27ms (Views: 25.9ms | ActiveRecord: 0.1ms)


Started GET "/assets/entries.css?body=1" for 127.0.0.1 at 2013-08-28 19:58:46 +0100
Served asset /entries.css - 304 Not Modified (0ms)


Started GET "/assets/jquery_ujs.js?body=1" for 127.0.0.1 at 2013-08-28 19:58:46 +0100
Served asset /jquery_ujs.js - 304 Not Modified (0ms)


Started GET "/assets/application.css?body=1" for 127.0.0.1 at 2013-08-28 19:58:46 +0100
Served asset /application.css - 304 Not Modified (0ms)


Started GET "/assets/jquery.js?body=1" for 127.0.0.1 at 2013-08-28 19:58:46 +0100
Served asset /jquery.js - 304 Not Modified (0ms)


Started GET "/assets/entries.js?body=1" for 127.0.0.1 at 2013-08-28 19:58:46 +0100
Served asset /entries.js - 304 Not Modified (0ms)


Started GET "/assets/application.js?body=1" for 127.0.0.1 at 2013-08-28 19:58:46 +0100
Served asset /application.js - 304 Not Modified (0ms)


Started GET "/entries" for 127.0.0.1 at 2013-08-28 19:59:20 +0100
Processing by EntriesController#index as HTML
  [1m[36mEntry Load (0.1ms)[0m  [1mSELECT "entries".* FROM "entries" [0m
  Rendered entries/index.html.erb within layouts/application (7.1ms)
Completed 500 Internal Server Error in 10ms

ActionView::Template::Error (undefined method `new_entry' for #<#<Class:0x007fdd12e2ae68>:0x007fdd133c7c40>):
    1: <%= link_to 'Add new Entry', new_entry(@entry) %>
    2: 
    3: <% @entries.each do |entry| %>
    4: 	<%= entry.title %>
  app/views/entries/index.html.erb:1:in `_app_views_entries_index_html_erb__2362650434876584035_70293743613040'


  Rendered /Users/ashleybaxter/.rvm/gems/ruby-1.9.3-p194/gems/actionpack-3.2.8/lib/action_dispatch/middleware/templates/rescues/_trace.erb (1.8ms)
  Rendered /Users/ashleybaxter/.rvm/gems/ruby-1.9.3-p194/gems/actionpack-3.2.8/lib/action_dispatch/middleware/templates/rescues/_request_and_response.erb (26.2ms)
  Rendered /Users/ashleybaxter/.rvm/gems/ruby-1.9.3-p194/gems/actionpack-3.2.8/lib/action_dispatch/middleware/templates/rescues/template_error.erb within rescues/layout (37.1ms)


Started GET "/entries" for 127.0.0.1 at 2013-08-28 19:59:52 +0100
Processing by EntriesController#index as HTML
  [1m[35mEntry Load (0.1ms)[0m  SELECT "entries".* FROM "entries" 
  Rendered entries/index.html.erb within layouts/application (1.2ms)
Completed 200 OK in 8ms (Views: 6.6ms | ActiveRecord: 0.1ms)


Started GET "/assets/jquery_ujs.js?body=1" for 127.0.0.1 at 2013-08-28 19:59:52 +0100
Served asset /jquery_ujs.js - 304 Not Modified (0ms)


Started GET "/assets/entries.css?body=1" for 127.0.0.1 at 2013-08-28 19:59:52 +0100
Served asset /entries.css - 304 Not Modified (0ms)


Started GET "/assets/jquery.js?body=1" for 127.0.0.1 at 2013-08-28 19:59:52 +0100
Served asset /jquery.js - 304 Not Modified (0ms)


Started GET "/assets/entries.js?body=1" for 127.0.0.1 at 2013-08-28 19:59:52 +0100
Served asset /entries.js - 304 Not Modified (0ms)


Started GET "/assets/application.css?body=1" for 127.0.0.1 at 2013-08-28 19:59:52 +0100
Served asset /application.css - 304 Not Modified (0ms)


Started GET "/assets/application.js?body=1" for 127.0.0.1 at 2013-08-28 19:59:52 +0100
Served asset /application.js - 304 Not Modified (0ms)


Started GET "/entries/new" for 127.0.0.1 at 2013-08-28 19:59:54 +0100
Processing by EntriesController#new as HTML
  Rendered entries/_form.html.erb (3.6ms)
  Rendered entries/new.html.erb within layouts/application (4.5ms)
Completed 200 OK in 10ms (Views: 9.8ms | ActiveRecord: 0.0ms)


Started GET "/assets/application.css?body=1" for 127.0.0.1 at 2013-08-28 19:59:54 +0100
Served asset /application.css - 304 Not Modified (0ms)


Started GET "/assets/jquery.js?body=1" for 127.0.0.1 at 2013-08-28 19:59:54 +0100
Served asset /jquery.js - 304 Not Modified (0ms)


Started GET "/assets/jquery_ujs.js?body=1" for 127.0.0.1 at 2013-08-28 19:59:54 +0100
Served asset /jquery_ujs.js - 304 Not Modified (0ms)


Started GET "/assets/application.js?body=1" for 127.0.0.1 at 2013-08-28 19:59:54 +0100
Served asset /application.js - 304 Not Modified (0ms)


Started GET "/assets/entries.css?body=1" for 127.0.0.1 at 2013-08-28 19:59:54 +0100
Served asset /entries.css - 304 Not Modified (0ms)


Started GET "/assets/entries.js?body=1" for 127.0.0.1 at 2013-08-28 19:59:54 +0100
Served asset /entries.js - 304 Not Modified (0ms)


Started POST "/entries" for 127.0.0.1 at 2013-08-28 20:00:42 +0100
Processing by EntriesController#create as HTML
  Parameters: {"utf8"=>"✓", "authenticity_token"=>"zZVRfYWjN6zOWvRZBJSG7b/yAPW+YVEoG1y3TmxZeRo=", "entry"=>{"title"=>"What is the contents sum?", "description"=>"The contents sum is the total sum of all of your belongings, including carpets and curtains."}, "commit"=>"Create Entry"}
  [1m[36m (0.1ms)[0m  [1mbegin transaction[0m
  [1m[35mSQL (0.5ms)[0m  INSERT INTO "entries" ("created_at", "description", "title", "updated_at") VALUES (?, ?, ?, ?)  [["created_at", Wed, 28 Aug 2013 19:00:42 UTC +00:00], ["description", "The contents sum is the total sum of all of your belongings, including carpets and curtains."], ["title", "What is the contents sum?"], ["updated_at", Wed, 28 Aug 2013 19:00:42 UTC +00:00]]
  [1m[36m (0.7ms)[0m  [1mcommit transaction[0m
Redirected to http://0.0.0.0:3000/entries/2
Completed 302 Found in 5ms (ActiveRecord: 1.3ms)


Started GET "/entries/2" for 127.0.0.1 at 2013-08-28 20:00:42 +0100
Processing by EntriesController#show as HTML
  Parameters: {"id"=>"2"}
  [1m[35mEntry Load (0.1ms)[0m  SELECT "entries".* FROM "entries" WHERE "entries"."id" = ? LIMIT 1  [["id", "2"]]
  Rendered entries/show.html.erb within layouts/application (0.9ms)
Completed 200 OK in 7ms (Views: 5.9ms | ActiveRecord: 0.1ms)


Started GET "/assets/application.css?body=1" for 127.0.0.1 at 2013-08-28 20:00:42 +0100
Served asset /application.css - 304 Not Modified (0ms)


Started GET "/assets/jquery_ujs.js?body=1" for 127.0.0.1 at 2013-08-28 20:00:42 +0100
Served asset /jquery_ujs.js - 304 Not Modified (0ms)


Started GET "/assets/entries.css?body=1" for 127.0.0.1 at 2013-08-28 20:00:42 +0100
Served asset /entries.css - 304 Not Modified (0ms)


Started GET "/assets/jquery.js?body=1" for 127.0.0.1 at 2013-08-28 20:00:42 +0100
Served asset /jquery.js - 304 Not Modified (0ms)


Started GET "/assets/entries.js?body=1" for 127.0.0.1 at 2013-08-28 20:00:42 +0100
Served asset /entries.js - 304 Not Modified (0ms)


Started GET "/assets/application.js?body=1" for 127.0.0.1 at 2013-08-28 20:00:42 +0100
Served asset /application.js - 304 Not Modified (0ms)


Started GET "/entries" for 127.0.0.1 at 2013-08-28 20:00:45 +0100
Processing by EntriesController#index as HTML
  [1m[36mEntry Load (0.2ms)[0m  [1mSELECT "entries".* FROM "entries" [0m
  Rendered entries/index.html.erb within layouts/application (0.5ms)
Completed 200 OK in 7ms (Views: 6.2ms | ActiveRecord: 0.2ms)


Started GET "/assets/application.css?body=1" for 127.0.0.1 at 2013-08-28 20:00:45 +0100
Served asset /application.css - 304 Not Modified (0ms)


Started GET "/assets/application.js?body=1" for 127.0.0.1 at 2013-08-28 20:00:45 +0100
Served asset /application.js - 304 Not Modified (0ms)


Started GET "/assets/entries.css?body=1" for 127.0.0.1 at 2013-08-28 20:00:45 +0100
Served asset /entries.css - 304 Not Modified (0ms)


Started GET "/assets/jquery_ujs.js?body=1" for 127.0.0.1 at 2013-08-28 20:00:46 +0100
Served asset /jquery_ujs.js - 304 Not Modified (0ms)


Started GET "/assets/entries.js?body=1" for 127.0.0.1 at 2013-08-28 20:00:46 +0100
Served asset /entries.js - 304 Not Modified (0ms)


Started GET "/assets/jquery.js?body=1" for 127.0.0.1 at 2013-08-28 20:00:46 +0100
Served asset /jquery.js - 304 Not Modified (0ms)


Started GET "/entries" for 127.0.0.1 at 2013-08-28 20:01:02 +0100
Processing by EntriesController#index as HTML
  [1m[35mEntry Load (0.2ms)[0m  SELECT "entries".* FROM "entries" 
  Rendered entries/index.html.erb within layouts/application (1.9ms)
Completed 200 OK in 9ms (Views: 7.7ms | ActiveRecord: 0.2ms)


Started GET "/assets/jquery_ujs.js?body=1" for 127.0.0.1 at 2013-08-28 20:01:02 +0100
Served asset /jquery_ujs.js - 304 Not Modified (0ms)


Started GET "/assets/entries.js?body=1" for 127.0.0.1 at 2013-08-28 20:01:02 +0100
Served asset /entries.js - 304 Not Modified (0ms)


Started GET "/assets/jquery.js?body=1" for 127.0.0.1 at 2013-08-28 20:01:02 +0100
Served asset /jquery.js - 304 Not Modified (0ms)


Started GET "/assets/application.js?body=1" for 127.0.0.1 at 2013-08-28 20:01:02 +0100
Served asset /application.js - 304 Not Modified (0ms)


Started GET "/assets/entries.css?body=1" for 127.0.0.1 at 2013-08-28 20:01:02 +0100
Served asset /entries.css - 304 Not Modified (0ms)


Started GET "/assets/application.css?body=1" for 127.0.0.1 at 2013-08-28 20:01:02 +0100
Served asset /application.css - 304 Not Modified (0ms)


Started GET "/entries/2" for 127.0.0.1 at 2013-08-28 20:01:04 +0100
Processing by EntriesController#show as HTML
  Parameters: {"id"=>"2"}
  [1m[36mEntry Load (0.1ms)[0m  [1mSELECT "entries".* FROM "entries" WHERE "entries"."id" = ? LIMIT 1[0m  [["id", "2"]]
  Rendered entries/show.html.erb within layouts/application (0.9ms)
Completed 200 OK in 29ms (Views: 27.2ms | ActiveRecord: 0.1ms)


Started GET "/assets/application.css?body=1" for 127.0.0.1 at 2013-08-28 20:01:04 +0100
Served asset /application.css - 304 Not Modified (0ms)


Started GET "/assets/entries.js?body=1" for 127.0.0.1 at 2013-08-28 20:01:04 +0100
Served asset /entries.js - 304 Not Modified (0ms)


Started GET "/assets/entries.css?body=1" for 127.0.0.1 at 2013-08-28 20:01:04 +0100
Served asset /entries.css - 304 Not Modified (0ms)


Started GET "/assets/jquery.js?body=1" for 127.0.0.1 at 2013-08-28 20:01:04 +0100
Served asset /jquery.js - 304 Not Modified (0ms)


Started GET "/assets/jquery_ujs.js?body=1" for 127.0.0.1 at 2013-08-28 20:01:04 +0100
Served asset /jquery_ujs.js - 304 Not Modified (0ms)


Started GET "/assets/application.js?body=1" for 127.0.0.1 at 2013-08-28 20:01:04 +0100
Served asset /application.js - 304 Not Modified (0ms)


Started DELETE "/entries/2" for 127.0.0.1 at 2013-08-28 20:01:06 +0100
Processing by EntriesController#destroy as HTML
  Parameters: {"authenticity_token"=>"zZVRfYWjN6zOWvRZBJSG7b/yAPW+YVEoG1y3TmxZeRo=", "id"=>"2"}
  [1m[35mEntry Load (0.2ms)[0m  SELECT "entries".* FROM "entries" WHERE "entries"."id" = ? LIMIT 1  [["id", "2"]]
  [1m[36m (0.1ms)[0m  [1mbegin transaction[0m
  [1m[35mSQL (0.2ms)[0m  DELETE FROM "entries" WHERE "entries"."id" = ?  [["id", 2]]
  [1m[36m (2.0ms)[0m  [1mcommit transaction[0m
Redirected to http://0.0.0.0:3000/entries
Completed 302 Found in 5ms (ActiveRecord: 2.4ms)


Started GET "/entries" for 127.0.0.1 at 2013-08-28 20:01:06 +0100
Processing by EntriesController#index as HTML
  [1m[35mEntry Load (0.1ms)[0m  SELECT "entries".* FROM "entries" 
  Rendered entries/index.html.erb within layouts/application (0.4ms)
Completed 200 OK in 6ms (Views: 5.2ms | ActiveRecord: 0.1ms)


Started GET "/assets/application.css?body=1" for 127.0.0.1 at 2013-08-28 20:01:06 +0100
Served asset /application.css - 304 Not Modified (0ms)


Started GET "/assets/jquery.js?body=1" for 127.0.0.1 at 2013-08-28 20:01:06 +0100
Served asset /jquery.js - 304 Not Modified (0ms)


Started GET "/assets/entries.css?body=1" for 127.0.0.1 at 2013-08-28 20:01:06 +0100
Served asset /entries.css - 304 Not Modified (0ms)


Started GET "/assets/application.js?body=1" for 127.0.0.1 at 2013-08-28 20:01:06 +0100
Served asset /application.js - 304 Not Modified (0ms)


Started GET "/assets/entries.js?body=1" for 127.0.0.1 at 2013-08-28 20:01:06 +0100
Served asset /entries.js - 304 Not Modified (0ms)


Started GET "/assets/jquery_ujs.js?body=1" for 127.0.0.1 at 2013-08-28 20:01:06 +0100
Served asset /jquery_ujs.js - 304 Not Modified (0ms)


Started GET "/entries/new" for 127.0.0.1 at 2013-08-28 20:01:07 +0100
Processing by EntriesController#new as HTML
  Rendered entries/_form.html.erb (2.9ms)
  Rendered entries/new.html.erb within layouts/application (3.7ms)
Completed 200 OK in 9ms (Views: 9.1ms | ActiveRecord: 0.0ms)


Started GET "/assets/entries.js?body=1" for 127.0.0.1 at 2013-08-28 20:01:07 +0100
Served asset /entries.js - 304 Not Modified (0ms)


Started GET "/assets/jquery.js?body=1" for 127.0.0.1 at 2013-08-28 20:01:07 +0100
Served asset /jquery.js - 304 Not Modified (0ms)


Started GET "/assets/application.css?body=1" for 127.0.0.1 at 2013-08-28 20:01:07 +0100
Served asset /application.css - 304 Not Modified (0ms)


Started GET "/assets/entries.css?body=1" for 127.0.0.1 at 2013-08-28 20:01:07 +0100
Served asset /entries.css - 304 Not Modified (0ms)


Started GET "/assets/jquery_ujs.js?body=1" for 127.0.0.1 at 2013-08-28 20:01:07 +0100
Served asset /jquery_ujs.js - 304 Not Modified (0ms)


Started GET "/assets/application.js?body=1" for 127.0.0.1 at 2013-08-28 20:01:07 +0100
Served asset /application.js - 304 Not Modified (0ms)
Connecting to database specified by database.yml
  [1m[36m (0.1ms)[0m  [1mSELECT "schema_migrations"."version" FROM "schema_migrations" [0m
Migrating to CreateEntries (20130828183216)
  [1m[35m (0.2ms)[0m  select sqlite_version(*)
  [1m[36m (0.1ms)[0m  [1mSELECT "schema_migrations"."version" FROM "schema_migrations" [0m
  [1m[35m (0.0ms)[0m  PRAGMA index_list("entries")
Connecting to database specified by database.yml
Connecting to database specified by database.yml
  [1m[36m (0.1ms)[0m  [1mSELECT "schema_migrations"."version" FROM "schema_migrations" [0m
Migrating to CreateEntries (20130828183216)
Migrating to CreateUsers (20130828193333)
  [1m[35m (0.0ms)[0m  select sqlite_version(*)
  [1m[36m (0.0ms)[0m  [1mbegin transaction[0m
  [1m[35m (0.4ms)[0m  CREATE TABLE "users" ("id" INTEGER PRIMARY KEY AUTOINCREMENT NOT NULL, "email" varchar(255), "password_digest" varchar(255), "created_at" datetime NOT NULL, "updated_at" datetime NOT NULL) 
  [1m[36m (0.1ms)[0m  [1mINSERT INTO "schema_migrations" ("version") VALUES ('20130828193333')[0m
  [1m[35m (0.8ms)[0m  commit transaction
  [1m[36m (0.2ms)[0m  [1mselect sqlite_version(*)[0m
  [1m[35m (0.1ms)[0m  SELECT "schema_migrations"."version" FROM "schema_migrations" 
  [1m[36m (0.0ms)[0m  [1mPRAGMA index_list("entries")[0m
  [1m[35m (0.0ms)[0m  PRAGMA index_list("users")
