Connecting to database specified by database.yml
Compiled jquery.js  (3ms)  (pid 26282)
Compiled jquery_ujs.js  (0ms)  (pid 26282)
Compiled entries.js  (60ms)  (pid 26282)
Compiled sessions.js  (55ms)  (pid 26282)
Compiled users.js  (88ms)  (pid 26282)
Compiled application.js  (279ms)  (pid 26282)
Compiled toast.css  (0ms)  (pid 26282)
Compiled application.css  (7ms)  (pid 26282)
Connecting to database specified by database.yml
Compiled jquery.js  (2ms)  (pid 26282)
Compiled jquery_ujs.js  (0ms)  (pid 26282)
Compiled entries.js  (57ms)  (pid 26282)
Compiled sessions.js  (56ms)  (pid 26282)
Compiled users.js  (86ms)  (pid 26282)
Compiled application.js  (265ms)  (pid 26282)
Compiled toast.css  (0ms)  (pid 26282)
Compiled application.css  (7ms)  (pid 26282)
Connecting to database specified by database.yml
Compiled jquery.js  (38ms)  (pid 27544)
Compiled jquery-ui.js  (4ms)  (pid 27544)
Compiled jquery_ujs.js  (0ms)  (pid 27544)
Compiled active_admin/lib/namespace.js  (81ms)  (pid 27544)
Compiled active_admin/components/jquery.aa.checkbox-toggler.js  (92ms)  (pid 27544)
Compiled active_admin/components/jquery.aa.dropdown-menu.js  (158ms)  (pid 27544)
Compiled active_admin/components/jquery.aa.popover.js  (114ms)  (pid 27544)
Compiled active_admin/components/jquery.aa.table-checkbox-toggler.js  (80ms)  (pid 27544)
Compiled active_admin/pages/application.js  (75ms)  (pid 27544)
Compiled active_admin/pages/batch_actions.js  (75ms)  (pid 27544)
Compiled active_admin/application.js  (774ms)  (pid 27544)
Compiled active_admin/base.js  (891ms)  (pid 27544)
Compiled active_admin.js  (900ms)  (pid 27544)
Compiled entries.js  (71ms)  (pid 27544)
Compiled sessions.js  (57ms)  (pid 27544)
Compiled users.js  (55ms)  (pid 27544)
Compiled application.js  (215ms)  (pid 27544)
Compiled active_admin.css  (2207ms)  (pid 27544)
Compiled toast.css  (0ms)  (pid 27544)
Compiled application.css  (8ms)  (pid 27544)
Compiled active_admin/print.css  (116ms)  (pid 27544)
Connecting to database specified by database.yml
Compiled jquery.js  (2ms)  (pid 27544)
Compiled jquery-ui.js  (3ms)  (pid 27544)
Compiled jquery_ujs.js  (0ms)  (pid 27544)
Compiled active_admin/lib/namespace.js  (94ms)  (pid 27544)
Compiled active_admin/components/jquery.aa.checkbox-toggler.js  (92ms)  (pid 27544)
Compiled active_admin/components/jquery.aa.dropdown-menu.js  (120ms)  (pid 27544)
Compiled active_admin/components/jquery.aa.popover.js  (158ms)  (pid 27544)
Compiled active_admin/components/jquery.aa.table-checkbox-toggler.js  (82ms)  (pid 27544)
Compiled active_admin/pages/application.js  (75ms)  (pid 27544)
Compiled active_admin/pages/batch_actions.js  (116ms)  (pid 27544)
Compiled active_admin/application.js  (792ms)  (pid 27544)
Compiled active_admin/base.js  (868ms)  (pid 27544)
Compiled active_admin.js  (877ms)  (pid 27544)
Compiled entries.js  (56ms)  (pid 27544)
Compiled sessions.js  (52ms)  (pid 27544)
Compiled users.js  (57ms)  (pid 27544)
Compiled application.js  (194ms)  (pid 27544)
Compiled active_admin.css  (2163ms)  (pid 27544)
Compiled toast.css  (0ms)  (pid 27544)
Compiled application.css  (8ms)  (pid 27544)
Compiled active_admin/print.css  (114ms)  (pid 27544)
